#
# A fatal error has been detected by the Java Runtime Environment:
#
#  EXCEPTION_ACCESS_VIOLATION (0xc0000005) at pc=0x00007ffbb97d113f, pid=18272, tid=21984
#
# JRE version: OpenJDK Runtime Environment (17.0.10) (build 17.0.10+0--11572160)
# Java VM: OpenJDK 64-Bit Server VM (17.0.10+0--11572160, mixed mode, tiered, compressed oops, compressed class ptrs, g1 gc, windows-amd64)
# Problematic frame:
# V  [jvm.dll+0x22113f]
#
# No core dump will be written. Minidumps are not enabled by default on client versions of Windows
#
# If you would like to submit a bug report, please visit:
#   https://bugreport.java.com/bugreport/crash.jsp
#

---------------  S U M M A R Y ------------

Command Line: --add-opens=java.base/java.util=ALL-UNNAMED --add-opens=java.base/java.lang=ALL-UNNAMED --add-opens=java.base/java.lang.invoke=ALL-UNNAMED --add-opens=java.prefs/java.util.prefs=ALL-UNNAMED --add-opens=java.base/java.nio.charset=ALL-UNNAMED --add-opens=java.base/java.net=ALL-UNNAMED --add-opens=java.base/java.util.concurrent.atomic=ALL-UNNAMED -Xmx2048m -Dfile.encoding=UTF-8 -Duser.country=IT -Duser.language=it -Duser.variant -javaagent:C:\Users\Utente\.gradle\wrapper\dists\gradle-8.6-bin\afr5mpiioh2wthjmwnkmdsd5w\gradle-8.6\lib\agents\gradle-instrumentation-agent-8.6.jar org.gradle.launcher.daemon.bootstrap.GradleDaemon 8.6

Host: Intel(R) Core(TM) i7-10700F CPU @ 2.90GHz, 16 cores, 15G,  Windows 10 , 64 bit Build 19041 (10.0.19041.3636)
Time: Tue Jun 11 22:00:59 2024 ora legale Europa occidentale elapsed time: 3.487657 seconds (0d 0h 0m 3s)

---------------  T H R E A D  ---------------

Current thread (0x000001cc89935f70):  JavaThread "C2 CompilerThread3" daemon [_thread_in_native, id=21984, stack(0x0000005d24100000,0x0000005d24200000)]


Current CompileTask:
C2:   3487 3793       4       jdk.internal.loader.BuiltinClassLoader::loadClass (22 bytes)

Stack: [0x0000005d24100000,0x0000005d24200000],  sp=0x0000005d241fd8f0,  free space=1014k
Native frames: (J=compiled Java code, j=interpreted, Vv=VM code, C=native code)
V  [jvm.dll+0x22113f]
V  [jvm.dll+0x6ac106]
V  [jvm.dll+0x21cbe9]
V  [jvm.dll+0x1a60ad]
V  [jvm.dll+0x22cd78]
V  [jvm.dll+0x22aeb0]
V  [jvm.dll+0x7f6917]
V  [jvm.dll+0x7f0d1a]
V  [jvm.dll+0x687d05]
C  [ucrtbase.dll+0x21bb2]
C  [KERNEL32.DLL+0x17344]
C  [ntdll.dll+0x526b1]


siginfo: EXCEPTION_ACCESS_VIOLATION (0xc0000005), reading address 0x0000000000000028


Registers:
RAX=0x0000000000000000, RBX=0x0000005d241fea30, RCX=0x0000000000000016, RDX=0x0000000000000252
RSP=0x0000005d241fd8f0, RBP=0x0000000000000000, RSI=0x000001cc8b993298, RDI=0x0000005d241fdb80
R8 =0x0000000000000002, R9 =0x00000000000008c4, R10=0x000001cc8ef8af20, R11=0x000001cc8ef8af30
R12=0x0000000000000161, R13=0x0000005d241fda40, R14=0x0000005d241fdb70, R15=0x0000000000000003
RIP=0x00007ffbb97d113f, EFLAGS=0x0000000000010293


Register to memory mapping:

RIP=0x00007ffbb97d113f jvm.dll
RAX=0x0 is NULL
RBX=0x0000005d241fea30 is pointing into the stack for thread: 0x000001cc89935f70
RCX=0x0000000000000016 is an unknown value
RDX=0x0000000000000252 is an unknown value
RSP=0x0000005d241fd8f0 is pointing into the stack for thread: 0x000001cc89935f70
RBP=0x0 is NULL
RSI=0x000001cc8b993298 points into unknown readable memory: 0x00007ffbb9f1c868 | 68 c8 f1 b9 fb 7f 00 00
RDI=0x0000005d241fdb80 is pointing into the stack for thread: 0x000001cc89935f70
R8 =0x0000000000000002 is an unknown value
R9 =0x00000000000008c4 is an unknown value
R10=0x000001cc8ef8af20 points into unknown readable memory: 0x000001cc8eb5bd18 | 18 bd b5 8e cc 01 00 00
R11=0x000001cc8ef8af30 points into unknown readable memory: 0x0000000000000000 | 00 00 00 00 00 00 00 00
R12=0x0000000000000161 is an unknown value
R13=0x0000005d241fda40 is pointing into the stack for thread: 0x000001cc89935f70
R14=0x0000005d241fdb70 is pointing into the stack for thread: 0x000001cc89935f70
R15=0x0000000000000003 is an unknown value


Top of Stack: (sp=0x0000005d241fd8f0)
0x0000005d241fd8f0:   0000005d241fea30 000001cc8b994f90
0x0000005d241fd900:   0000005d241fea30 00000000000047a7
0x0000005d241fd910:   0000000000000003 0000005d241fdb70
0x0000005d241fd920:   000001cc84d888c0 0000005d241fdfd0
0x0000005d241fd930:   0000000000000002 00007ffbb9c5c106
0x0000005d241fd940:   000001cc8a5a1470 000001cc8dda8ab0
0x0000005d241fd950:   0000005d241fda40 0000000000000002
0x0000005d241fd960:   0000005d241fea30 00007ffbb97ccbe9
0x0000005d241fd970:   000001cc8dda8ab0 0000005d241fda70
0x0000005d241fd980:   0000000000000002 0000000000000001
0x0000005d241fd990:   0000000000000000 0000000000000000
0x0000005d241fd9a0:   0000000000000000 0000000000000000
0x0000005d241fd9b0:   0000000000000000 0000000000000000
0x0000005d241fd9c0:   0000000000000000 00007ffbb9edf5ec
0x0000005d241fd9d0:   0000000000000000 0000000000000000
0x0000005d241fd9e0:   0000000000000000 00007ffbb9edf5ec
0x0000005d241fd9f0:   0000000000000000 0000000000000000
0x0000005d241fda00:   000001cc8cb88770 000001cc8dc33280
0x0000005d241fda10:   000001cc8dc34870 000001cc8dc3b268
0x0000005d241fda20:   0000000000048270 0000000000000000
0x0000005d241fda30:   0000000000000000 0000000000000000
0x0000005d241fda40:   0000005d241feb68 0000000000002000
0x0000005d241fda50:   000001cc8e8d8420 0000000000000940
0x0000005d241fda60:   0000000000000400 000001cc8c09cb40
0x0000005d241fda70:   0000000000000400 0000005d241feb68
0x0000005d241fda80:   0000000000000000 0000000000000000
0x0000005d241fda90:   0000000000000000 0000000000000000
0x0000005d241fdaa0:   0000000000000000 0000000000000000
0x0000005d241fdab0:   0000000000000000 0000000000000000
0x0000005d241fdac0:   0000000000000000 0000000000000000
0x0000005d241fdad0:   0000000000000000 0000000000000000
0x0000005d241fdae0:   0000000000000000 0000000000000000 

Instructions: (pc=0x00007ffbb97d113f)
0x00007ffbb97d103f:   75 7b 48 83 b9 00 03 00 00 00 74 71 41 8b 50 28
0x00007ffbb97d104f:   e8 8c 97 f8 ff 48 8b f0 48 85 c0 74 60 48 83 38
0x00007ffbb97d105f:   00 74 5a 8b 53 28 48 8b cf e8 73 97 f8 ff 48 85
0x00007ffbb97d106f:   c0 74 2d 48 8b 00 48 85 c0 74 25 8b 53 28 4c 8d
0x00007ffbb97d107f:   44 24 40 48 8b cf 48 89 44 24 40 e8 71 75 00 00
0x00007ffbb97d108f:   48 8b 5c 24 30 48 8b 74 24 38 48 83 c4 20 5f c3
0x00007ffbb97d109f:   8b 53 28 4c 8b c6 48 8b cf 48 8b 5c 24 30 48 8b
0x00007ffbb97d10af:   74 24 38 48 83 c4 20 5f e9 44 75 00 00 48 8b 5c
0x00007ffbb97d10bf:   24 30 32 c0 48 8b 74 24 38 48 83 c4 20 5f c3 cc
0x00007ffbb97d10cf:   cc 48 89 5c 24 10 48 89 6c 24 18 56 57 41 55 41
0x00007ffbb97d10df:   56 41 57 48 83 ec 20 33 ed 4c 89 64 24 50 4d 8b
0x00007ffbb97d10ef:   e8 48 8b fa 48 8b d9 44 8b e5 39 6a 18 0f 86 04
0x00007ffbb97d10ff:   01 00 00 48 8b 47 10 41 8b cc 41 ff c4 48 8b 34
0x00007ffbb97d110f:   c8 8b 46 2c 83 e0 03 3c 03 75 09 48 8d 4e 48 e8
0x00007ffbb97d111f:   4d c1 4b 00 44 8b 4e 20 44 8b c5 45 85 c9 7e 4d
0x00007ffbb97d112f:   90 4c 8b 56 10 41 8b c0 4d 8d 1c c2 49 8b 04 c2
0x00007ffbb97d113f:   8b 48 28 8b c1 c1 e8 05 3b 47 20 73 11 8b d0 83
0x00007ffbb97d114f:   e1 1f 48 8b 47 28 8b 04 90 0f a3 c8 72 13 ff 4e
0x00007ffbb97d115f:   20 41 ff c8 8b 46 20 41 ff c9 49 8b 04 c2 49 89
0x00007ffbb97d116f:   03 41 ff c0 45 3b c1 7c b8 44 8b 4e 20 41 83 f9
0x00007ffbb97d117f:   01 75 7a 48 8b ce e8 16 54 44 00 84 c0 74 6e 48
0x00007ffbb97d118f:   8b 46 10 4c 8b 38 45 8b 77 28 41 8b f6 c1 ee 05
0x00007ffbb97d119f:   41 3b 75 20 72 0b 8b d6 49 8d 4d 20 e8 90 9b 60
0x00007ffbb97d11af:   00 49 8b 45 28 41 83 e6 1f 48 8d 14 b0 41 0f b6
0x00007ffbb97d11bf:   ce 41 b8 01 00 00 00 41 d3 e0 8b 0a 8b c1 41 0b
0x00007ffbb97d11cf:   c0 89 02 41 85 c8 75 23 41 8b 75 18 8d 46 01 41
0x00007ffbb97d11df:   89 45 18 41 3b 75 08 72 0a 8b d6 49 8b cd e8 be
0x00007ffbb97d11ef:   51 44 00 49 8b 45 10 4c 89 3c f0 33 ed 44 3b 67
0x00007ffbb97d11ff:   18 0f 82 fc fe ff ff 44 8b 83 a8 01 00 00 41 83
0x00007ffbb97d120f:   e8 01 4d 63 c8 78 5a 66 66 0f 1f 84 00 00 00 00
0x00007ffbb97d121f:   00 4c 8b 93 b0 01 00 00 4b 8b 04 ca 8b 48 28 8b
0x00007ffbb97d122f:   c1 c1 e8 05 3b 47 20 73 11 8b d0 83 e1 1f 48 8b 


Stack slot to memory mapping:
stack at sp + 0 slots: 0x0000005d241fea30 is pointing into the stack for thread: 0x000001cc89935f70
stack at sp + 1 slots: 0x000001cc8b994f90 points into unknown readable memory: 0x00007ffbb9e6f768 | 68 f7 e6 b9 fb 7f 00 00
stack at sp + 2 slots: 0x0000005d241fea30 is pointing into the stack for thread: 0x000001cc89935f70
stack at sp + 3 slots: 0x00000000000047a7 is an unknown value
stack at sp + 4 slots: 0x0000000000000003 is an unknown value
stack at sp + 5 slots: 0x0000005d241fdb70 is pointing into the stack for thread: 0x000001cc89935f70
stack at sp + 6 slots: 0x000001cc84d888c0 points into unknown readable memory: 0x0000000000000000 | 00 00 00 00 00 00 00 00
stack at sp + 7 slots: 0x0000005d241fdfd0 is pointing into the stack for thread: 0x000001cc89935f70


---------------  P R O C E S S  ---------------

Threads class SMR info:
_java_thread_list=0x000001cc8efa6cf0, length=55, elements={
0x000001ccea371420, 0x000001cc89056040, 0x000001cc890567e0, 0x000001cc8909b7b0,
0x000001cc8909d090, 0x000001cc8909d960, 0x000001cc8909e230, 0x000001cc890a6ef0,
0x000001cc890aadb0, 0x000001cc890b5ea0, 0x000001cc891a5940, 0x000001cc89250020,
0x000001cc893b8dc0, 0x000001cc893cffc0, 0x000001cc89933f90, 0x000001cc899354d0,
0x000001cc8a6bd480, 0x000001cc8a878410, 0x000001cc8ad5ed00, 0x000001cc8a7c4870,
0x000001cc8a9ea830, 0x000001cc8b2fa340, 0x000001cc8b2fbb40, 0x000001cc8b2fc020,
0x000001cc8b0e7370, 0x000001cc8b0e82a0, 0x000001cc8b0e8cc0, 0x000001cc8b0e6950,
0x000001cc8b0e91d0, 0x000001cc8b0e7880, 0x000001cc8d94d1b0, 0x000001cc8d949f10,
0x000001cc8d94b860, 0x000001cc8d9480b0, 0x000001cc8d946250, 0x000001cc8d94b350,
0x000001cc8d94bd70, 0x000001cc8d94a420, 0x000001cc8d94cca0, 0x000001cc8d94c280,
0x000001cc8d948ad0, 0x000001cc8d9485c0, 0x000001cc8d948fe0, 0x000001cc8d9494f0,
0x000001cc8d94c790, 0x000001cc8d949a00, 0x000001cc8d94a930, 0x000001cc8d945d40,
0x000001cc899344e0, 0x000001cc89935f70, 0x000001cc8d94d6c0, 0x000001cc8d94ae40,
0x000001cc8d946760, 0x000001cc8d946c70, 0x000001cc8d947690
}

Java Threads: ( => current thread )
  0x000001ccea371420 JavaThread "main" [_thread_blocked, id=21740, stack(0x0000005d1fb00000,0x0000005d1fc00000)]
  0x000001cc89056040 JavaThread "Reference Handler" daemon [_thread_blocked, id=21468, stack(0x0000005d20200000,0x0000005d20300000)]
  0x000001cc890567e0 JavaThread "Finalizer" daemon [_thread_blocked, id=16192, stack(0x0000005d20300000,0x0000005d20400000)]
  0x000001cc8909b7b0 JavaThread "Signal Dispatcher" daemon [_thread_blocked, id=17568, stack(0x0000005d20400000,0x0000005d20500000)]
  0x000001cc8909d090 JavaThread "Attach Listener" daemon [_thread_blocked, id=22032, stack(0x0000005d20500000,0x0000005d20600000)]
  0x000001cc8909d960 JavaThread "Service Thread" daemon [_thread_blocked, id=7476, stack(0x0000005d20600000,0x0000005d20700000)]
  0x000001cc8909e230 JavaThread "Monitor Deflation Thread" daemon [_thread_blocked, id=16860, stack(0x0000005d20700000,0x0000005d20800000)]
  0x000001cc890a6ef0 JavaThread "C2 CompilerThread0" daemon [_thread_in_native, id=1376, stack(0x0000005d20800000,0x0000005d20900000)]
  0x000001cc890aadb0 JavaThread "C1 CompilerThread0" daemon [_thread_blocked, id=7324, stack(0x0000005d20900000,0x0000005d20a00000)]
  0x000001cc890b5ea0 JavaThread "Sweeper thread" daemon [_thread_blocked, id=16092, stack(0x0000005d20a00000,0x0000005d20b00000)]
  0x000001cc891a5940 JavaThread "Common-Cleaner" daemon [_thread_blocked, id=16920, stack(0x0000005d20b00000,0x0000005d20c00000)]
  0x000001cc89250020 JavaThread "C1 CompilerThread1" daemon [_thread_blocked, id=12928, stack(0x0000005d20c00000,0x0000005d20d00000)]
  0x000001cc893b8dc0 JavaThread "Notification Thread" daemon [_thread_blocked, id=4256, stack(0x0000005d20d00000,0x0000005d20e00000)]
  0x000001cc893cffc0 JavaThread "C2 CompilerThread1" daemon [_thread_in_native, id=4748, stack(0x0000005d20f00000,0x0000005d21000000)]
  0x000001cc89933f90 JavaThread "C1 CompilerThread2" daemon [_thread_blocked, id=6900, stack(0x0000005d21200000,0x0000005d21300000)]
  0x000001cc899354d0 JavaThread "C1 CompilerThread3" daemon [_thread_blocked, id=12768, stack(0x0000005d21300000,0x0000005d21400000)]
  0x000001cc8a6bd480 JavaThread "Daemon health stats" [_thread_blocked, id=2692, stack(0x0000005d21100000,0x0000005d21200000)]
  0x000001cc8a878410 JavaThread "Incoming local TCP Connector on port 63279" [_thread_in_native, id=17184, stack(0x0000005d21900000,0x0000005d21a00000)]
  0x000001cc8ad5ed00 JavaThread "Daemon periodic checks" [_thread_blocked, id=17208, stack(0x0000005d21a00000,0x0000005d21b00000)]
  0x000001cc8a7c4870 JavaThread "Daemon" [_thread_blocked, id=4260, stack(0x0000005d21b00000,0x0000005d21c00000)]
  0x000001cc8a9ea830 JavaThread "Handler for socket connection from /127.0.0.1:63279 to /127.0.0.1:63281" [_thread_in_native, id=8912, stack(0x0000005d21c00000,0x0000005d21d00000)]
  0x000001cc8b2fa340 JavaThread "Cancel handler" [_thread_blocked, id=10180, stack(0x0000005d21d00000,0x0000005d21e00000)]
  0x000001cc8b2fbb40 JavaThread "Daemon worker" [_thread_in_vm, id=2800, stack(0x0000005d21e00000,0x0000005d21f00000)]
  0x000001cc8b2fc020 JavaThread "Asynchronous log dispatcher for DefaultDaemonConnection: socket connection from /127.0.0.1:63279 to /127.0.0.1:63281" [_thread_blocked, id=21132, stack(0x0000005d21f00000,0x0000005d22000000)]
  0x000001cc8b0e7370 JavaThread "Stdin handler" [_thread_blocked, id=2896, stack(0x0000005d22000000,0x0000005d22100000)]
  0x000001cc8b0e82a0 JavaThread "Daemon client event forwarder" [_thread_blocked, id=19376, stack(0x0000005d22100000,0x0000005d22200000)]
  0x000001cc8b0e8cc0 JavaThread "Cache worker for journal cache (C:\Users\Utente\.gradle\caches\journal-1)" [_thread_blocked, id=12976, stack(0x0000005d22b00000,0x0000005d22c00000)]
  0x000001cc8b0e6950 JavaThread "File lock request listener" [_thread_in_native, id=13680, stack(0x0000005d22c00000,0x0000005d22d00000)]
  0x000001cc8b0e91d0 JavaThread "Cache worker for file hash cache (C:\Users\Utente\.gradle\caches\8.6\fileHashes)" [_thread_blocked, id=15264, stack(0x0000005d22d00000,0x0000005d22e00000)]
  0x000001cc8b0e7880 JavaThread "File watcher server" daemon [_thread_in_native, id=15336, stack(0x0000005d22f00000,0x0000005d23000000)]
  0x000001cc8d94d1b0 JavaThread "File watcher consumer" daemon [_thread_blocked, id=20496, stack(0x0000005d23000000,0x0000005d23100000)]
  0x000001cc8d949f10 JavaThread "File lock release action executor" [_thread_blocked, id=12124, stack(0x0000005d23100000,0x0000005d23200000)]
  0x000001cc8d94b860 JavaThread "jar transforms" [_thread_blocked, id=21268, stack(0x0000005d21000000,0x0000005d21100000)]
  0x000001cc8d9480b0 JavaThread "jar transforms Thread 2" [_thread_blocked, id=10756, stack(0x0000005d22e00000,0x0000005d22f00000)]
  0x000001cc8d946250 JavaThread "jar transforms Thread 3" [_thread_blocked, id=11972, stack(0x0000005d23200000,0x0000005d23300000)]
  0x000001cc8d94b350 JavaThread "jar transforms Thread 4" [_thread_blocked, id=5272, stack(0x0000005d23300000,0x0000005d23400000)]
  0x000001cc8d94bd70 JavaThread "jar transforms Thread 5" [_thread_blocked, id=17356, stack(0x0000005d23400000,0x0000005d23500000)]
  0x000001cc8d94a420 JavaThread "jar transforms Thread 6" [_thread_blocked, id=18192, stack(0x0000005d23500000,0x0000005d23600000)]
  0x000001cc8d94cca0 JavaThread "jar transforms Thread 7" [_thread_blocked, id=3688, stack(0x0000005d23600000,0x0000005d23700000)]
  0x000001cc8d94c280 JavaThread "jar transforms Thread 8" [_thread_blocked, id=12400, stack(0x0000005d23700000,0x0000005d23800000)]
  0x000001cc8d948ad0 JavaThread "jar transforms Thread 9" [_thread_blocked, id=19576, stack(0x0000005d23800000,0x0000005d23900000)]
  0x000001cc8d9485c0 JavaThread "jar transforms Thread 10" [_thread_blocked, id=22344, stack(0x0000005d23900000,0x0000005d23a00000)]
  0x000001cc8d948fe0 JavaThread "jar transforms Thread 11" [_thread_blocked, id=13932, stack(0x0000005d23a00000,0x0000005d23b00000)]
  0x000001cc8d9494f0 JavaThread "jar transforms Thread 12" [_thread_blocked, id=1348, stack(0x0000005d23b00000,0x0000005d23c00000)]
  0x000001cc8d94c790 JavaThread "jar transforms Thread 13" [_thread_blocked, id=2992, stack(0x0000005d23c00000,0x0000005d23d00000)]
  0x000001cc8d949a00 JavaThread "jar transforms Thread 14" [_thread_blocked, id=2944, stack(0x0000005d23d00000,0x0000005d23e00000)]
  0x000001cc8d94a930 JavaThread "jar transforms Thread 15" [_thread_blocked, id=7548, stack(0x0000005d23e00000,0x0000005d23f00000)]
  0x000001cc8d945d40 JavaThread "jar transforms Thread 16" [_thread_blocked, id=9528, stack(0x0000005d23f00000,0x0000005d24000000)]
  0x000001cc899344e0 JavaThread "C2 CompilerThread2" daemon [_thread_in_native, id=11232, stack(0x0000005d24000000,0x0000005d24100000)]
=>0x000001cc89935f70 JavaThread "C2 CompilerThread3" daemon [_thread_in_native, id=21984, stack(0x0000005d24100000,0x0000005d24200000)]
  0x000001cc8d94d6c0 JavaThread "Cache worker for checksums cache (C:\Users\Utente\Desktop\Transporto\AirQuality - Copia\.gradle\8.6\checksums)" [_thread_blocked, id=15640, stack(0x0000005d24200000,0x0000005d24300000)]
  0x000001cc8d94ae40 JavaThread "Cache worker for file hash cache (C:\Users\Utente\Desktop\Transporto\AirQuality - Copia\.gradle\8.6\fileHashes)" [_thread_blocked, id=22436, stack(0x0000005d24300000,0x0000005d24400000)]
  0x000001cc8d946760 JavaThread "Cache worker for cache directory md-supplier (C:\Users\Utente\.gradle\caches\8.6\md-supplier)" [_thread_blocked, id=3564, stack(0x0000005d24400000,0x0000005d24500000)]
  0x000001cc8d946c70 JavaThread "Cache worker for cache directory md-rule (C:\Users\Utente\.gradle\caches\8.6\md-rule)" [_thread_blocked, id=13292, stack(0x0000005d24500000,0x0000005d24600000)]
  0x000001cc8d947690 JavaThread "Cache worker for file content cache (C:\Users\Utente\.gradle\caches\8.6\fileContent)" [_thread_blocked, id=8512, stack(0x0000005d24700000,0x0000005d24800000)]

Other Threads:
  0x000001cc84da83d0 VMThread "VM Thread" [stack: 0x0000005d20100000,0x0000005d20200000] [id=13244]
  0x000001cc893b92a0 WatcherThread [stack: 0x0000005d20e00000,0x0000005d20f00000] [id=4864]
  0x000001ccea3cdeb0 GCTaskThread "GC Thread#0" [stack: 0x0000005d1fc00000,0x0000005d1fd00000] [id=12524]
  0x000001cc89edf010 GCTaskThread "GC Thread#1" [stack: 0x0000005d21400000,0x0000005d21500000] [id=10048]
  0x000001cc89edf2d0 GCTaskThread "GC Thread#2" [stack: 0x0000005d21500000,0x0000005d21600000] [id=2272]
  0x000001cc89edf590 GCTaskThread "GC Thread#3" [stack: 0x0000005d21600000,0x0000005d21700000] [id=21260]
  0x000001cc89edf850 GCTaskThread "GC Thread#4" [stack: 0x0000005d21700000,0x0000005d21800000] [id=1892]
  0x000001cc89edfb10 GCTaskThread "GC Thread#5" [stack: 0x0000005d21800000,0x0000005d21900000] [id=13660]
  0x000001cc8b9d5070 GCTaskThread "GC Thread#6" [stack: 0x0000005d22200000,0x0000005d22300000] [id=18948]
  0x000001cc8a9fa8b0 GCTaskThread "GC Thread#7" [stack: 0x0000005d22300000,0x0000005d22400000] [id=8496]
  0x000001cc8b75b430 GCTaskThread "GC Thread#8" [stack: 0x0000005d22400000,0x0000005d22500000] [id=21456]
  0x000001cc8b2f9840 GCTaskThread "GC Thread#9" [stack: 0x0000005d22500000,0x0000005d22600000] [id=6748]
  0x000001cc8be74d20 GCTaskThread "GC Thread#10" [stack: 0x0000005d22600000,0x0000005d22700000] [id=14780]
  0x000001cc8be09720 GCTaskThread "GC Thread#11" [stack: 0x0000005d22700000,0x0000005d22800000] [id=22408]
  0x000001cc8be083e0 GCTaskThread "GC Thread#12" [stack: 0x0000005d22800000,0x0000005d22900000] [id=10316]
  0x000001ccea3ded10 ConcurrentGCThread "G1 Main Marker" [stack: 0x0000005d1fd00000,0x0000005d1fe00000] [id=13360]
  0x000001ccea3dfde0 ConcurrentGCThread "G1 Conc#0" [stack: 0x0000005d1fe00000,0x0000005d1ff00000] [id=19604]
  0x000001cc8be099e0 ConcurrentGCThread "G1 Conc#1" [stack: 0x0000005d22900000,0x0000005d22a00000] [id=16836]
  0x000001cc8be08ee0 ConcurrentGCThread "G1 Conc#2" [stack: 0x0000005d22a00000,0x0000005d22b00000] [id=14140]
  0x000001ccea42dc50 ConcurrentGCThread "G1 Refine#0" [stack: 0x0000005d1ff00000,0x0000005d20000000] [id=19356]
  0x000001cc8c2d6780 ConcurrentGCThread "G1 Refine#1" [stack: 0x0000005d24600000,0x0000005d24700000] [id=17324]
  0x000001cc84c58b50 ConcurrentGCThread "G1 Service" [stack: 0x0000005d20000000,0x0000005d20100000] [id=9652]

Threads with active compile tasks:
C2 CompilerThread0     3519 3852   !   4       jdk.internal.loader.URLClassPath$JarLoader::getResource (65 bytes)
C2 CompilerThread1     3519 3803       4       java.lang.ClassLoader::defineClass (43 bytes)
C2 CompilerThread2     3519 3784   !   4       jdk.internal.loader.BuiltinClassLoader::loadClassOrNull (143 bytes)
C2 CompilerThread3     3519 3793       4       jdk.internal.loader.BuiltinClassLoader::loadClass (22 bytes)

VM state: not at safepoint (normal execution)

VM Mutex/Monitor currently owned by a thread: None

Heap address: 0x0000000080000000, size: 2048 MB, Compressed Oops mode: 32-bit

CDS archive(s) not mapped
Compressed class space mapped at: 0x0000000100000000-0x0000000140000000, reserved size: 1073741824
Narrow klass base: 0x0000000000000000, Narrow klass shift: 3, Narrow klass range: 0x140000000

GC Precious Log:
 CPUs: 16 total, 16 available
 Memory: 16298M
 Large Page Support: Disabled
 NUMA Support: Disabled
 Compressed Oops: Enabled (32-bit)
 Heap Region Size: 1M
 Heap Min Capacity: 8M
 Heap Initial Capacity: 256M
 Heap Max Capacity: 2G
 Pre-touch: Disabled
 Parallel Workers: 13
 Concurrent Workers: 3
 Concurrent Refinement Workers: 13
 Periodic GC: Disabled

Heap:
 garbage-first heap   total 73728K, used 43598K [0x0000000080000000, 0x0000000100000000)
  region size 1024K, 6 young (6144K), 3 survivors (3072K)
 Metaspace       used 43599K, committed 44096K, reserved 1114112K
  class space    used 5893K, committed 6144K, reserved 1048576K

Heap Regions: E=young(eden), S=young(survivor), O=old, HS=humongous(starts), HC=humongous(continues), CS=collection set, F=free, OA=open archive, CA=closed archive, TAMS=top-at-mark-start (previous, next)
|   0|0x0000000080000000, 0x0000000080100000, 0x0000000080100000|100%|HS|  |TAMS 0x0000000080100000, 0x0000000080000000| Complete 
|   1|0x0000000080100000, 0x0000000080200000, 0x0000000080200000|100%|HC|  |TAMS 0x0000000080200000, 0x0000000080100000| Complete 
|   2|0x0000000080200000, 0x0000000080300000, 0x0000000080300000|100%|HC|  |TAMS 0x0000000080300000, 0x0000000080200000| Complete 
|   3|0x0000000080300000, 0x0000000080400000, 0x0000000080400000|100%|HC|  |TAMS 0x0000000080400000, 0x0000000080300000| Complete 
|   4|0x0000000080400000, 0x0000000080500000, 0x0000000080500000|100%| O|  |TAMS 0x0000000080500000, 0x0000000080400000| Untracked 
|   5|0x0000000080500000, 0x0000000080600000, 0x0000000080600000|100%| O|  |TAMS 0x0000000080600000, 0x0000000080500000| Untracked 
|   6|0x0000000080600000, 0x0000000080700000, 0x0000000080700000|100%| O|  |TAMS 0x0000000080700000, 0x0000000080600000| Untracked 
|   7|0x0000000080700000, 0x0000000080800000, 0x0000000080800000|100%| O|  |TAMS 0x0000000080800000, 0x0000000080700000| Untracked 
|   8|0x0000000080800000, 0x0000000080900000, 0x0000000080900000|100%| O|  |TAMS 0x0000000080900000, 0x0000000080800000| Untracked 
|   9|0x0000000080900000, 0x0000000080a00000, 0x0000000080a00000|100%| O|  |TAMS 0x0000000080a00000, 0x0000000080900000| Untracked 
|  10|0x0000000080a00000, 0x0000000080b00000, 0x0000000080b00000|100%| O|  |TAMS 0x0000000080b00000, 0x0000000080a00000| Untracked 
|  11|0x0000000080b00000, 0x0000000080c00000, 0x0000000080c00000|100%| O|  |TAMS 0x0000000080c00000, 0x0000000080b00000| Untracked 
|  12|0x0000000080c00000, 0x0000000080d00000, 0x0000000080d00000|100%| O|  |TAMS 0x0000000080d00000, 0x0000000080c00000| Untracked 
|  13|0x0000000080d00000, 0x0000000080e00000, 0x0000000080e00000|100%| O|  |TAMS 0x0000000080e00000, 0x0000000080d00000| Untracked 
|  14|0x0000000080e00000, 0x0000000080f00000, 0x0000000080f00000|100%| O|  |TAMS 0x0000000080f00000, 0x0000000080e00000| Untracked 
|  15|0x0000000080f00000, 0x0000000081000000, 0x0000000081000000|100%| O|  |TAMS 0x0000000081000000, 0x0000000080f00000| Untracked 
|  16|0x0000000081000000, 0x0000000081100000, 0x0000000081100000|100%| O|  |TAMS 0x0000000081100000, 0x0000000081000000| Untracked 
|  17|0x0000000081100000, 0x0000000081200000, 0x0000000081200000|100%| O|  |TAMS 0x0000000081200000, 0x0000000081100000| Untracked 
|  18|0x0000000081200000, 0x0000000081300000, 0x0000000081300000|100%| O|  |TAMS 0x0000000081300000, 0x0000000081200000| Untracked 
|  19|0x0000000081300000, 0x0000000081400000, 0x0000000081400000|100%| O|  |TAMS 0x0000000081400000, 0x0000000081300000| Untracked 
|  20|0x0000000081400000, 0x0000000081500000, 0x0000000081500000|100%| O|  |TAMS 0x0000000081500000, 0x0000000081400000| Untracked 
|  21|0x0000000081500000, 0x0000000081600000, 0x0000000081600000|100%|HS|  |TAMS 0x0000000081600000, 0x0000000081500000| Complete 
|  22|0x0000000081600000, 0x0000000081700000, 0x0000000081700000|100%|HC|  |TAMS 0x0000000081700000, 0x0000000081600000| Complete 
|  23|0x0000000081700000, 0x0000000081800000, 0x0000000081800000|100%|HS|  |TAMS 0x0000000081800000, 0x0000000081700000| Complete 
|  24|0x0000000081800000, 0x0000000081900000, 0x0000000081900000|100%|HC|  |TAMS 0x0000000081900000, 0x0000000081800000| Complete 
|  25|0x0000000081900000, 0x0000000081a00000, 0x0000000081a00000|100%|HC|  |TAMS 0x0000000081a00000, 0x0000000081900000| Complete 
|  26|0x0000000081a00000, 0x0000000081b00000, 0x0000000081b00000|100%|HS|  |TAMS 0x0000000081b00000, 0x0000000081a00000| Complete 
|  27|0x0000000081b00000, 0x0000000081c00000, 0x0000000081c00000|100%|HC|  |TAMS 0x0000000081c00000, 0x0000000081b00000| Complete 
|  28|0x0000000081c00000, 0x0000000081d00000, 0x0000000081d00000|100%|HC|  |TAMS 0x0000000081d00000, 0x0000000081c00000| Complete 
|  29|0x0000000081d00000, 0x0000000081e00000, 0x0000000081e00000|100%|HS|  |TAMS 0x0000000081e00000, 0x0000000081d00000| Complete 
|  30|0x0000000081e00000, 0x0000000081f00000, 0x0000000081f00000|100%|HC|  |TAMS 0x0000000081f00000, 0x0000000081e00000| Complete 
|  31|0x0000000081f00000, 0x0000000082000000, 0x0000000082000000|100%|HC|  |TAMS 0x0000000082000000, 0x0000000081f00000| Complete 
|  32|0x0000000082000000, 0x0000000082100000, 0x0000000082100000|100%| O|  |TAMS 0x0000000082100000, 0x0000000082000000| Untracked 
|  33|0x0000000082100000, 0x0000000082200000, 0x0000000082200000|100%| O|  |TAMS 0x0000000082200000, 0x0000000082100000| Untracked 
|  34|0x0000000082200000, 0x00000000822a2e00, 0x0000000082300000| 63%| O|  |TAMS 0x0000000082200000, 0x0000000082200000| Untracked 
|  35|0x0000000082300000, 0x0000000082300000, 0x0000000082400000|  0%| F|  |TAMS 0x0000000082300000, 0x0000000082300000| Untracked 
|  36|0x0000000082400000, 0x0000000082400000, 0x0000000082500000|  0%| F|  |TAMS 0x0000000082400000, 0x0000000082400000| Untracked 
|  37|0x0000000082500000, 0x0000000082600000, 0x0000000082600000|100%| O|  |TAMS 0x0000000082600000, 0x0000000082500000| Untracked 
|  38|0x0000000082600000, 0x0000000082700000, 0x0000000082700000|100%| O|  |TAMS 0x0000000082700000, 0x0000000082600000| Untracked 
|  39|0x0000000082700000, 0x0000000082700000, 0x0000000082800000|  0%| F|  |TAMS 0x0000000082700000, 0x0000000082700000| Untracked 
|  40|0x0000000082800000, 0x0000000082900000, 0x0000000082900000|100%| O|  |TAMS 0x00000000828fd000, 0x0000000082800000| Untracked 
|  41|0x0000000082900000, 0x0000000082900000, 0x0000000082a00000|  0%| F|  |TAMS 0x0000000082900000, 0x0000000082900000| Untracked 
|  42|0x0000000082a00000, 0x0000000082a00000, 0x0000000082b00000|  0%| F|  |TAMS 0x0000000082a00000, 0x0000000082a00000| Untracked 
|  43|0x0000000082b00000, 0x0000000082b00000, 0x0000000082c00000|  0%| F|  |TAMS 0x0000000082b00000, 0x0000000082b00000| Untracked 
|  44|0x0000000082c00000, 0x0000000082c00000, 0x0000000082d00000|  0%| F|  |TAMS 0x0000000082c00000, 0x0000000082c00000| Untracked 
|  45|0x0000000082d00000, 0x0000000082d00000, 0x0000000082e00000|  0%| F|  |TAMS 0x0000000082d00000, 0x0000000082d00000| Untracked 
|  46|0x0000000082e00000, 0x0000000082e00000, 0x0000000082f00000|  0%| F|  |TAMS 0x0000000082e00000, 0x0000000082e00000| Untracked 
|  47|0x0000000082f00000, 0x0000000082ff0c40, 0x0000000083000000| 94%| S|CS|TAMS 0x0000000082f00000, 0x0000000082f00000| Complete 
|  48|0x0000000083000000, 0x0000000083100000, 0x0000000083100000|100%| S|CS|TAMS 0x0000000083000000, 0x0000000083000000| Complete 
|  49|0x0000000083100000, 0x0000000083100000, 0x0000000083200000|  0%| F|  |TAMS 0x0000000083100000, 0x0000000083100000| Untracked 
|  50|0x0000000083200000, 0x0000000083200000, 0x0000000083300000|  0%| F|  |TAMS 0x0000000083200000, 0x0000000083200000| Untracked 
|  51|0x0000000083300000, 0x0000000083400000, 0x0000000083400000|100%| S|CS|TAMS 0x0000000083300000, 0x0000000083300000| Complete 
|  52|0x0000000083400000, 0x0000000083400000, 0x0000000083500000|  0%| F|  |TAMS 0x0000000083400000, 0x0000000083400000| Untracked 
|  53|0x0000000083500000, 0x0000000083500000, 0x0000000083600000|  0%| F|  |TAMS 0x0000000083500000, 0x0000000083500000| Untracked 
|  54|0x0000000083600000, 0x0000000083600000, 0x0000000083700000|  0%| F|  |TAMS 0x0000000083600000, 0x0000000083600000| Untracked 
|  55|0x0000000083700000, 0x0000000083700000, 0x0000000083800000|  0%| F|  |TAMS 0x0000000083700000, 0x0000000083700000| Untracked 
|  56|0x0000000083800000, 0x0000000083800000, 0x0000000083900000|  0%| F|  |TAMS 0x0000000083800000, 0x0000000083800000| Untracked 
|  57|0x0000000083900000, 0x0000000083900000, 0x0000000083a00000|  0%| F|  |TAMS 0x0000000083900000, 0x0000000083900000| Untracked 
|  58|0x0000000083a00000, 0x0000000083a00000, 0x0000000083b00000|  0%| F|  |TAMS 0x0000000083a00000, 0x0000000083a00000| Untracked 
|  59|0x0000000083b00000, 0x0000000083b00000, 0x0000000083c00000|  0%| F|  |TAMS 0x0000000083b00000, 0x0000000083b00000| Untracked 
|  60|0x0000000083c00000, 0x0000000083c00000, 0x0000000083d00000|  0%| F|  |TAMS 0x0000000083c00000, 0x0000000083c00000| Untracked 
| 198|0x000000008c600000, 0x000000008c600000, 0x000000008c700000|  0%| F|  |TAMS 0x000000008c600000, 0x000000008c600000| Untracked 
| 199|0x000000008c700000, 0x000000008c700000, 0x000000008c800000|  0%| F|  |TAMS 0x000000008c700000, 0x000000008c700000| Untracked 
| 200|0x000000008c800000, 0x000000008c800000, 0x000000008c900000|  0%| F|  |TAMS 0x000000008c800000, 0x000000008c800000| Untracked 
| 201|0x000000008c900000, 0x000000008c900000, 0x000000008ca00000|  0%| F|  |TAMS 0x000000008c900000, 0x000000008c900000| Untracked 
| 202|0x000000008ca00000, 0x000000008ca00000, 0x000000008cb00000|  0%| F|  |TAMS 0x000000008ca00000, 0x000000008ca00000| Untracked 
| 203|0x000000008cb00000, 0x000000008cb00000, 0x000000008cc00000|  0%| F|  |TAMS 0x000000008cb00000, 0x000000008cb00000| Untracked 
| 204|0x000000008cc00000, 0x000000008cc00000, 0x000000008cd00000|  0%| F|  |TAMS 0x000000008cc00000, 0x000000008cc00000| Untracked 
| 205|0x000000008cd00000, 0x000000008cd50cb0, 0x000000008ce00000| 31%| E|  |TAMS 0x000000008cd00000, 0x000000008cd00000| Complete 
| 206|0x000000008ce00000, 0x000000008cf00000, 0x000000008cf00000|100%| E|CS|TAMS 0x000000008ce00000, 0x000000008ce00000| Complete 
| 255|0x000000008ff00000, 0x0000000090000000, 0x0000000090000000|100%| E|  |TAMS 0x000000008ff00000, 0x000000008ff00000| Complete 
|2047|0x00000000fff00000, 0x0000000100000000, 0x0000000100000000|100%| O|  |TAMS 0x0000000100000000, 0x00000000fff00000| Untracked 

Card table byte_map: [0x000001ccfd4f0000,0x000001ccfd8f0000] _byte_map_base: 0x000001ccfd0f0000

Marking Bits (Prev, Next): (CMBitMap*) 0x000001ccea3ce420, (CMBitMap*) 0x000001ccea3ce3e0
 Prev Bits: [0x000001cc80000000, 0x000001cc82000000)
 Next Bits: [0x000001ccfdcf0000, 0x000001ccffcf0000)

Polling page: 0x000001cce9b30000

Metaspace:

Usage:
  Non-class:     36.82 MB used.
      Class:      5.76 MB used.
       Both:     42.58 MB used.

Virtual space:
  Non-class space:       64.00 MB reserved,      37.06 MB ( 58%) committed,  1 nodes.
      Class space:        1.00 GB reserved,       6.00 MB ( <1%) committed,  1 nodes.
             Both:        1.06 GB reserved,      43.06 MB (  4%) committed. 

Chunk freelists:
   Non-Class:  10.14 MB
       Class:  10.00 MB
        Both:  20.14 MB

MaxMetaspaceSize: unlimited
CompressedClassSpaceSize: 1.00 GB
Initial GC threshold: 21.00 MB
Current GC threshold: 71.38 MB
CDS: off
MetaspaceReclaimPolicy: balanced
 - commit_granule_bytes: 65536.
 - commit_granule_words: 8192.
 - virtual_space_node_default_size: 8388608.
 - enlarge_chunks_in_place: 1.
 - new_chunks_are_fully_committed: 0.
 - uncommit_free_chunks: 1.
 - use_allocation_guard: 0.
 - handle_deallocations: 1.


Internal statistics:

num_allocs_failed_limit: 6.
num_arena_births: 400.
num_arena_deaths: 0.
num_vsnodes_births: 2.
num_vsnodes_deaths: 0.
num_space_committed: 689.
num_space_uncommitted: 0.
num_chunks_returned_to_freelist: 6.
num_chunks_taken_from_freelist: 1703.
num_chunk_merges: 6.
num_chunk_splits: 1087.
num_chunks_enlarged: 733.
num_inconsistent_stats: 0.

CodeHeap 'non-profiled nmethods': size=119168Kb used=2340Kb max_used=2340Kb free=116827Kb
 bounds [0x000001ccf53f0000, 0x000001ccf5660000, 0x000001ccfc850000]
CodeHeap 'profiled nmethods': size=119104Kb used=8128Kb max_used=8128Kb free=110975Kb
 bounds [0x000001cced850000, 0x000001ccee050000, 0x000001ccf4ca0000]
CodeHeap 'non-nmethods': size=7488Kb used=3279Kb max_used=3340Kb free=4208Kb
 bounds [0x000001ccf4ca0000, 0x000001ccf4ff0000, 0x000001ccf53f0000]
 total_blobs=4518 nmethods=3856 adapters=569
 compilation: enabled
              stopped_count=0, restarted_count=0
 full_count=0

Compilation events (20 events):
Event: 3.447 Thread 0x000001cc89935f70 nmethod 3775 0x000001ccf5632310 code [0x000001ccf56324e0, 0x000001ccf5632d28]
Event: 3.448 Thread 0x000001cc89935f70 3785       4       java.util.zip.ZipCoder$UTF8ZipCoder::hasTrailingSlash (20 bytes)
Event: 3.448 Thread 0x000001cc89935f70 nmethod 3785 0x000001ccf5633290 code [0x000001ccf5633400, 0x000001ccf56334d8]
Event: 3.452 Thread 0x000001cc893cffc0 3786       4       jdk.internal.loader.BuiltinClassLoader::findLoadedModule (33 bytes)
Event: 3.454 Thread 0x000001cc899354d0 3787  s    1       java.net.DatagramPacket::getPort (5 bytes)
Event: 3.454 Thread 0x000001cc899354d0 nmethod 3787 0x000001ccf5633610 code [0x000001ccf56337a0, 0x000001ccf5633918]
Event: 3.456 Thread 0x000001cc890aadb0 3788  s    1       java.net.DatagramPacket::getAddress (5 bytes)
Event: 3.456 Thread 0x000001cc899354d0 3789       3       jdk.internal.misc.Unsafe::putByte (8 bytes)
Event: 3.456 Thread 0x000001cc890aadb0 nmethod 3788 0x000001ccf5633d90 code [0x000001ccf5633f20, 0x000001ccf5634098]
Event: 3.456 Thread 0x000001cc899354d0 nmethod 3789 0x000001ccee02b110 code [0x000001ccee02b2a0, 0x000001ccee02b3b8]
Event: 3.456 Thread 0x000001cc899354d0 3791       3       com.google.common.collect.RegularImmutableList::size (6 bytes)
Event: 3.456 Thread 0x000001cc899354d0 nmethod 3791 0x000001ccee02b490 code [0x000001ccee02b620, 0x000001ccee02b738]
Event: 3.456 Thread 0x000001cc899354d0 3792       3       java.net.InetSocketAddress::getAddress (8 bytes)
Event: 3.456 Thread 0x000001cc899354d0 nmethod 3792 0x000001ccee02b810 code [0x000001ccee02b9a0, 0x000001ccee02bad8]
Event: 3.457 Thread 0x000001cc89935f70 3793       4       jdk.internal.loader.BuiltinClassLoader::loadClass (22 bytes)
Event: 3.460 Thread 0x000001cc89250020 3795       1       java.nio.DirectByteBuffer::base (2 bytes)
Event: 3.460 Thread 0x000001cc89250020 nmethod 3795 0x000001ccf5634110 code [0x000001ccf56342a0, 0x000001ccf5634378]
Event: 3.464 Thread 0x000001cc893cffc0 nmethod 3786 0x000001ccf5634410 code [0x000001ccf56345e0, 0x000001ccf5635288]
Event: 3.465 Thread 0x000001cc893cffc0 3794       4       java.lang.Thread::interrupted (23 bytes)
Event: 3.465 Thread 0x000001cc893cffc0 nmethod 3794 0x000001ccf5635990 code [0x000001ccf5635b00, 0x000001ccf5635b98]

GC Heap History (18 events):
Event: 0.536 GC heap before
{Heap before GC invocations=0 (full 0):
 garbage-first heap   total 262144K, used 26624K [0x0000000080000000, 0x0000000100000000)
  region size 1024K, 23 young (23552K), 0 survivors (0K)
 Metaspace       used 10481K, committed 10624K, reserved 1114112K
  class space    used 1085K, committed 1152K, reserved 1048576K
}
Event: 0.538 GC heap after
{Heap after GC invocations=1 (full 0):
 garbage-first heap   total 262144K, used 10431K [0x0000000080000000, 0x0000000100000000)
  region size 1024K, 3 young (3072K), 3 survivors (3072K)
 Metaspace       used 10481K, committed 10624K, reserved 1114112K
  class space    used 1085K, committed 1152K, reserved 1048576K
}
Event: 0.874 GC heap before
{Heap before GC invocations=1 (full 0):
 garbage-first heap   total 262144K, used 39103K [0x0000000080000000, 0x0000000100000000)
  region size 1024K, 31 young (31744K), 3 survivors (3072K)
 Metaspace       used 11509K, committed 11712K, reserved 1114112K
  class space    used 1196K, committed 1280K, reserved 1048576K
}
Event: 0.876 GC heap after
{Heap after GC invocations=2 (full 0):
 garbage-first heap   total 262144K, used 11164K [0x0000000080000000, 0x0000000100000000)
  region size 1024K, 1 young (1024K), 1 survivors (1024K)
 Metaspace       used 11509K, committed 11712K, reserved 1114112K
  class space    used 1196K, committed 1280K, reserved 1048576K
}
Event: 1.480 GC heap before
{Heap before GC invocations=2 (full 0):
 garbage-first heap   total 262144K, used 59292K [0x0000000080000000, 0x0000000100000000)
  region size 1024K, 49 young (50176K), 1 survivors (1024K)
 Metaspace       used 21292K, committed 21504K, reserved 1114112K
  class space    used 2505K, committed 2624K, reserved 1048576K
}
Event: 1.484 GC heap after
{Heap after GC invocations=3 (full 0):
 garbage-first heap   total 262144K, used 18705K [0x0000000080000000, 0x0000000100000000)
  region size 1024K, 9 young (9216K), 9 survivors (9216K)
 Metaspace       used 21292K, committed 21504K, reserved 1114112K
  class space    used 2505K, committed 2624K, reserved 1048576K
}
Event: 1.852 GC heap before
{Heap before GC invocations=4 (full 0):
 garbage-first heap   total 71680K, used 52497K [0x0000000080000000, 0x0000000100000000)
  region size 1024K, 42 young (43008K), 9 survivors (9216K)
 Metaspace       used 26578K, committed 26880K, reserved 1114112K
  class space    used 3380K, committed 3520K, reserved 1048576K
}
Event: 1.856 GC heap after
{Heap after GC invocations=5 (full 0):
 garbage-first heap   total 71680K, used 20553K [0x0000000080000000, 0x0000000100000000)
  region size 1024K, 2 young (2048K), 2 survivors (2048K)
 Metaspace       used 26578K, committed 26880K, reserved 1114112K
  class space    used 3380K, committed 3520K, reserved 1048576K
}
Event: 1.867 GC heap before
{Heap before GC invocations=5 (full 0):
 garbage-first heap   total 71680K, used 21577K [0x0000000080000000, 0x0000000100000000)
  region size 1024K, 3 young (3072K), 2 survivors (2048K)
 Metaspace       used 26708K, committed 27008K, reserved 1114112K
  class space    used 3403K, committed 3520K, reserved 1048576K
}
Event: 1.868 GC heap after
{Heap after GC invocations=6 (full 0):
 garbage-first heap   total 71680K, used 20828K [0x0000000080000000, 0x0000000100000000)
  region size 1024K, 1 young (1024K), 1 survivors (1024K)
 Metaspace       used 26708K, committed 27008K, reserved 1114112K
  class space    used 3403K, committed 3520K, reserved 1048576K
}
Event: 2.331 GC heap before
{Heap before GC invocations=6 (full 0):
 garbage-first heap   total 71680K, used 51548K [0x0000000080000000, 0x0000000100000000)
  region size 1024K, 31 young (31744K), 1 survivors (1024K)
 Metaspace       used 30841K, committed 31232K, reserved 1114112K
  class space    used 4124K, committed 4288K, reserved 1048576K
}
Event: 2.332 GC heap after
{Heap after GC invocations=7 (full 0):
 garbage-first heap   total 71680K, used 22484K [0x0000000080000000, 0x0000000100000000)
  region size 1024K, 2 young (2048K), 2 survivors (2048K)
 Metaspace       used 30841K, committed 31232K, reserved 1114112K
  class space    used 4124K, committed 4288K, reserved 1048576K
}
Event: 2.849 GC heap before
{Heap before GC invocations=7 (full 0):
 garbage-first heap   total 71680K, used 62420K [0x0000000080000000, 0x0000000100000000)
  region size 1024K, 32 young (32768K), 2 survivors (2048K)
 Metaspace       used 34064K, committed 34368K, reserved 1114112K
  class space    used 4647K, committed 4800K, reserved 1048576K
}
Event: 2.852 GC heap after
{Heap after GC invocations=8 (full 0):
 garbage-first heap   total 72704K, used 38920K [0x0000000080000000, 0x0000000100000000)
  region size 1024K, 4 young (4096K), 4 survivors (4096K)
 Metaspace       used 34064K, committed 34368K, reserved 1114112K
  class space    used 4647K, committed 4800K, reserved 1048576K
}
Event: 3.007 GC heap before
{Heap before GC invocations=8 (full 0):
 garbage-first heap   total 72704K, used 52232K [0x0000000080000000, 0x0000000100000000)
  region size 1024K, 18 young (18432K), 4 survivors (4096K)
 Metaspace       used 35827K, committed 36096K, reserved 1114112K
  class space    used 4937K, committed 5056K, reserved 1048576K
}
Event: 3.009 GC heap after
{Heap after GC invocations=9 (full 0):
 garbage-first heap   total 72704K, used 39636K [0x0000000080000000, 0x0000000100000000)
  region size 1024K, 1 young (1024K), 1 survivors (1024K)
 Metaspace       used 35827K, committed 36096K, reserved 1114112K
  class space    used 4937K, committed 5056K, reserved 1048576K
}
Event: 3.230 GC heap before
{Heap before GC invocations=10 (full 0):
 garbage-first heap   total 72704K, used 58068K [0x0000000080000000, 0x0000000100000000)
  region size 1024K, 19 young (19456K), 1 survivors (1024K)
 Metaspace       used 38673K, committed 39040K, reserved 1114112K
  class space    used 5397K, committed 5568K, reserved 1048576K
}
Event: 3.231 GC heap after
{Heap after GC invocations=11 (full 0):
 garbage-first heap   total 72704K, used 40676K [0x0000000080000000, 0x0000000100000000)
  region size 1024K, 2 young (2048K), 2 survivors (2048K)
 Metaspace       used 38673K, committed 39040K, reserved 1114112K
  class space    used 5397K, committed 5568K, reserved 1048576K
}

Dll operation events (3 events):
Event: 0.005 Loaded shared library C:\Program Files\Android\Android Studio\jbr\bin\java.dll
Event: 0.091 Loaded shared library C:\Program Files\Android\Android Studio\jbr\bin\zip.dll
Event: 0.302 Loaded shared library C:\Program Files\Android\Android Studio\jbr\bin\verify.dll

Deoptimization events (20 events):
Event: 3.234 Thread 0x000001cc8b2fbb40 Uncommon trap: trap_request=0xffffff45 fr.pc=0x000001ccf55abebc relative=0x00000000000005dc
Event: 3.234 Thread 0x000001cc8b2fbb40 Uncommon trap: reason=unstable_if action=reinterpret pc=0x000001ccf55abebc method=jdk.internal.org.objectweb.asm.MethodWriter.visitVarInsn(II)V @ 108 c2
Event: 3.234 Thread 0x000001cc8b2fbb40 DEOPT PACKING pc=0x000001ccf55abebc sp=0x0000005d21ef0390
Event: 3.234 Thread 0x000001cc8b2fbb40 DEOPT UNPACKING pc=0x000001ccf4cf69a3 sp=0x0000005d21ef0358 mode 2
Event: 3.255 Thread 0x000001cc8b2fbb40 Uncommon trap: trap_request=0xffffff45 fr.pc=0x000001ccf5602574 relative=0x0000000000001b74
Event: 3.255 Thread 0x000001cc8b2fbb40 Uncommon trap: reason=unstable_if action=reinterpret pc=0x000001ccf5602574 method=java.util.concurrent.ConcurrentHashMap.computeIfAbsent(Ljava/lang/Object;Ljava/util/function/Function;)Ljava/lang/Object; @ 312 c2
Event: 3.255 Thread 0x000001cc8b2fbb40 DEOPT PACKING pc=0x000001ccf5602574 sp=0x0000005d21ef4400
Event: 3.255 Thread 0x000001cc8b2fbb40 DEOPT UNPACKING pc=0x000001ccf4cf69a3 sp=0x0000005d21ef4388 mode 2
Event: 3.316 Thread 0x000001cc8b2fbb40 Uncommon trap: trap_request=0xffffffc6 fr.pc=0x000001ccf55c8db0 relative=0x00000000000001f0
Event: 3.316 Thread 0x000001cc8b2fbb40 Uncommon trap: reason=bimorphic_or_optimized_type_check action=maybe_recompile pc=0x000001ccf55c8db0 method=java.util.regex.Pattern$BmpCharProperty.match(Ljava/util/regex/Matcher;ILjava/lang/CharSequence;)Z @ 19 c2
Event: 3.316 Thread 0x000001cc8b2fbb40 DEOPT PACKING pc=0x000001ccf55c8db0 sp=0x0000005d21ef6f60
Event: 3.316 Thread 0x000001cc8b2fbb40 DEOPT UNPACKING pc=0x000001ccf4cf69a3 sp=0x0000005d21ef6ef8 mode 2
Event: 3.316 Thread 0x000001cc8b2fbb40 Uncommon trap: trap_request=0xffffffc6 fr.pc=0x000001ccf55c8db0 relative=0x00000000000001f0
Event: 3.316 Thread 0x000001cc8b2fbb40 Uncommon trap: reason=bimorphic_or_optimized_type_check action=maybe_recompile pc=0x000001ccf55c8db0 method=java.util.regex.Pattern$BmpCharProperty.match(Ljava/util/regex/Matcher;ILjava/lang/CharSequence;)Z @ 19 c2
Event: 3.316 Thread 0x000001cc8b2fbb40 DEOPT PACKING pc=0x000001ccf55c8db0 sp=0x0000005d21ef6f60
Event: 3.316 Thread 0x000001cc8b2fbb40 DEOPT UNPACKING pc=0x000001ccf4cf69a3 sp=0x0000005d21ef6ef8 mode 2
Event: 3.432 Thread 0x000001cc8b2fbb40 Uncommon trap: trap_request=0xffffff45 fr.pc=0x000001ccf54a3524 relative=0x0000000000000084
Event: 3.432 Thread 0x000001cc8b2fbb40 Uncommon trap: reason=unstable_if action=reinterpret pc=0x000001ccf54a3524 method=jdk.internal.loader.URLClassPath$JarLoader.getResource(Ljava/lang/String;ZLjava/util/Set;)Ljdk/internal/loader/Resource; @ 17 c2
Event: 3.432 Thread 0x000001cc8b2fbb40 DEOPT PACKING pc=0x000001ccf54a3524 sp=0x0000005d21ef6050
Event: 3.432 Thread 0x000001cc8b2fbb40 DEOPT UNPACKING pc=0x000001ccf4cf69a3 sp=0x0000005d21ef5f98 mode 2

Classes unloaded (0 events):
No events

Classes redefined (0 events):
No events

Internal exceptions (20 events):
Event: 2.812 Thread 0x000001cc8b2fbb40 Exception <a 'java/lang/NoSuchMethodError'{0x0000000082bbfa10}: 'java.lang.Object java.lang.invoke.DirectMethodHandle$Holder.invokeSpecial(java.lang.Object, java.lang.Object, java.lang.Object, java.lang.Object, java.lang.Object, java.lang.Object, java.lang.Object, java.lang.Object, java.lang.Object, java.lang.Object, java.lang.Object, java.lang.Object)'> (0x0000000082bbfa10) 
thrown [s\src\hotspot\share\interpreter\linkResolver.cpp, line 771]
Event: 2.812 Thread 0x000001cc8b2fbb40 Exception <a 'java/lang/NoSuchMethodError'{0x0000000082bc5350}: 'java.lang.Object java.lang.invoke.Invokers$Holder.linkToTargetMethod(java.lang.Object, java.lang.Object, java.lang.Object, java.lang.Object, java.lang.Object, java.lang.Object, java.lang.Object, java.lang.Object, java.lang.Object, java.lang.Object, java.lang.Object)'> (0x0000000082bc5350) 
thrown [s\src\hotspot\share\interpreter\linkResolver.cpp, line 771]
Event: 2.820 Thread 0x000001cc8b2fbb40 Exception <a 'java/lang/NoSuchMethodError'{0x0000000082a55750}: 'java.lang.Object java.lang.invoke.DirectMethodHandle$Holder.invokeStaticInit(java.lang.Object, java.lang.Object, java.lang.Object, java.lang.Object)'> (0x0000000082a55750) 
thrown [s\src\hotspot\share\interpreter\linkResolver.cpp, line 771]
Event: 3.014 Thread 0x000001cc8b2fbb40 Exception <a 'java/lang/NoSuchMethodError'{0x000000008ff489b8}: 'java.lang.Object java.lang.invoke.DirectMethodHandle$Holder.newInvokeSpecial(java.lang.Object, java.lang.Object, java.lang.Object, java.lang.Object, java.lang.Object, java.lang.Object, java.lang.Object, java.lang.Object)'> (0x000000008ff489b8) 
thrown [s\src\hotspot\share\interpreter\linkResolver.cpp, line 771]
Event: 3.014 Thread 0x000001cc8b2fbb40 Exception <a 'java/lang/NoSuchMethodError'{0x000000008ff4e910}: 'java.lang.Object java.lang.invoke.DirectMethodHandle$Holder.invokeSpecial(java.lang.Object, java.lang.Object, java.lang.Object, java.lang.Object, java.lang.Object, java.lang.Object, java.lang.Object, java.lang.Object, java.lang.Object)'> (0x000000008ff4e910) 
thrown [s\src\hotspot\share\interpreter\linkResolver.cpp, line 771]
Event: 3.014 Thread 0x000001cc8b2fbb40 Exception <a 'java/lang/NoSuchMethodError'{0x000000008ff55a60}: 'java.lang.Object java.lang.invoke.Invokers$Holder.linkToTargetMethod(java.lang.Object, java.lang.Object, java.lang.Object, java.lang.Object, java.lang.Object, java.lang.Object, java.lang.Object, java.lang.Object)'> (0x000000008ff55a60) 
thrown [s\src\hotspot\share\interpreter\linkResolver.cpp, line 771]
Event: 3.124 Thread 0x000001cc8b2fbb40 Exception <a 'java/lang/NoSuchMethodError'{0x000000008c67b5d0}: 'void java.lang.invoke.DirectMethodHandle$Holder.invokeStatic(java.lang.Object, java.lang.Object, java.lang.Object, java.lang.Object, java.lang.Object, java.lang.Object)'> (0x000000008c67b5d0) 
thrown [s\src\hotspot\share\interpreter\linkResolver.cpp, line 771]
Event: 3.183 Thread 0x000001cc8b2fbb40 Exception <a 'java/lang/NoSuchMethodError'{0x000000008387a5b0}: 'java.lang.Object java.lang.invoke.DirectMethodHandle$Holder.invokeSpecial(java.lang.Object, java.lang.Object, java.lang.Object, int, java.lang.Object, java.lang.Object)'> (0x000000008387a5b0) 
thrown [s\src\hotspot\share\interpreter\linkResolver.cpp, line 771]
Event: 3.234 Thread 0x000001cc8b2fbb40 Implicit null exception at 0x000001ccf55ab9a0 to 0x000001ccf55abeb0
Event: 3.252 Thread 0x000001cc8b2fbb40 Exception <a 'java/lang/NoSuchMethodError'{0x000000008cec5ea8}: 'void java.lang.invoke.DirectMethodHandle$Holder.invokeStaticInit(java.lang.Object, java.lang.Object, java.lang.Object)'> (0x000000008cec5ea8) 
thrown [s\src\hotspot\share\interpreter\linkResolver.cpp, line 771]
Event: 3.252 Thread 0x000001cc8b2fbb40 Exception <a 'java/lang/NoSuchMethodError'{0x000000008cecd5f0}: 'void java.lang.invoke.DirectMethodHandle$Holder.invokeStaticInit(java.lang.Object, java.lang.Object, java.lang.Object, java.lang.Object)'> (0x000000008cecd5f0) 
thrown [s\src\hotspot\share\interpreter\linkResolver.cpp, line 771]
Event: 3.254 Thread 0x000001cc8b2fbb40 Exception <a 'java/lang/NoSuchMethodError'{0x000000008ceef898}: 'void java.lang.invoke.DirectMethodHandle$Holder.invokeStaticInit(java.lang.Object, java.lang.Object, java.lang.Object, java.lang.Object, java.lang.Object)'> (0x000000008ceef898) 
thrown [s\src\hotspot\share\interpreter\linkResolver.cpp, line 771]
Event: 3.261 Thread 0x000001cc8b2fbb40 Exception <a 'java/lang/NoSuchMethodError'{0x000000008cd4a368}: 'int java.lang.invoke.DirectMethodHandle$Holder.invokeStaticInit(java.lang.Object, java.lang.Object, java.lang.Object, java.lang.Object)'> (0x000000008cd4a368) 
thrown [s\src\hotspot\share\interpreter\linkResolver.cpp, line 771]
Event: 3.433 Thread 0x000001cc8b2fbb40 Exception <a 'java/lang/ClassNotFoundException'{0x000000008382ed00}: groovy/lang/ExpandoMetaClassBeanInfo> (0x000000008382ed00) 
thrown [s\src\hotspot\share\classfile\systemDictionary.cpp, line 256]
Event: 3.433 Thread 0x000001cc8b2fbb40 Exception <a 'java/lang/ClassNotFoundException'{0x0000000083846970}: groovy/lang/MetaClassImplBeanInfo> (0x0000000083846970) 
thrown [s\src\hotspot\share\classfile\systemDictionary.cpp, line 256]
Event: 3.433 Thread 0x000001cc8b2fbb40 Exception <a 'java/lang/ClassNotFoundException'{0x000000008384c4b8}: java/lang/ObjectBeanInfo> (0x000000008384c4b8) 
thrown [s\src\hotspot\share\classfile\systemDictionary.cpp, line 256]
Event: 3.434 Thread 0x000001cc8b2fbb40 Exception <a 'java/lang/ClassNotFoundException'{0x0000000083853238}: java/lang/ObjectCustomizer> (0x0000000083853238) 
thrown [s\src\hotspot\share\classfile\systemDictionary.cpp, line 256]
Event: 3.436 Thread 0x000001cc8b2fbb40 Exception <a 'java/lang/IncompatibleClassChangeError'{0x0000000083863418}: Found class java.lang.Object, but interface was expected> (0x0000000083863418) 
thrown [s\src\hotspot\share\interpreter\linkResolver.cpp, line 838]
Event: 3.438 Thread 0x000001cc8b2fbb40 Exception <a 'java/lang/ClassNotFoundException'{0x0000000083889bb8}: groovy/lang/MetaClassImplCustomizer> (0x0000000083889bb8) 
thrown [s\src\hotspot\share\classfile\systemDictionary.cpp, line 256]
Event: 3.440 Thread 0x000001cc8b2fbb40 Exception <a 'java/lang/ClassNotFoundException'{0x00000000838c1108}: groovy/lang/ExpandoMetaClassCustomizer> (0x00000000838c1108) 
thrown [s\src\hotspot\share\classfile\systemDictionary.cpp, line 256]

VM Operations (20 events):
Event: 2.724 Executing VM operation: HandshakeAllThreads
Event: 2.724 Executing VM operation: HandshakeAllThreads done
Event: 2.849 Executing VM operation: G1CollectForAllocation
Event: 2.852 Executing VM operation: G1CollectForAllocation done
Event: 2.878 Executing VM operation: HandshakeAllThreads
Event: 2.878 Executing VM operation: HandshakeAllThreads done
Event: 3.005 Executing VM operation: HandshakeAllThreads
Event: 3.005 Executing VM operation: HandshakeAllThreads done
Event: 3.007 Executing VM operation: CollectForMetadataAllocation
Event: 3.009 Executing VM operation: CollectForMetadataAllocation done
Event: 3.021 Executing VM operation: G1PauseRemark
Event: 3.022 Executing VM operation: G1PauseRemark done
Event: 3.028 Executing VM operation: G1PauseCleanup
Event: 3.028 Executing VM operation: G1PauseCleanup done
Event: 3.227 Executing VM operation: HandshakeAllThreads
Event: 3.227 Executing VM operation: HandshakeAllThreads done
Event: 3.230 Executing VM operation: G1CollectForAllocation
Event: 3.231 Executing VM operation: G1CollectForAllocation done
Event: 3.406 Executing VM operation: HandshakeAllThreads
Event: 3.406 Executing VM operation: HandshakeAllThreads done

Events (20 events):
Event: 3.444 loading class java/util/ServiceConfigurationError
Event: 3.445 loading class java/util/ServiceConfigurationError done
Event: 3.458 loading class java/util/concurrent/locks/StampedLock
Event: 3.458 loading class java/util/concurrent/locks/StampedLock done
Event: 3.471 loading class java/nio/file/FileSystemAlreadyExistsException
Event: 3.471 loading class java/nio/file/FileSystemAlreadyExistsException done
Event: 3.471 loading class sun/nio/fs/WindowsUriSupport
Event: 3.471 loading class sun/nio/fs/WindowsUriSupport done
Event: 3.471 loading class java/nio/file/AccessMode
Event: 3.471 loading class java/nio/file/AccessMode done
Event: 3.471 loading class sun/nio/fs/WindowsChannelFactory
Event: 3.472 loading class sun/nio/fs/WindowsChannelFactory done
Event: 3.472 loading class sun/nio/fs/WindowsChannelFactory$1
Event: 3.472 loading class sun/nio/fs/WindowsChannelFactory$1 done
Event: 3.472 loading class sun/nio/fs/WindowsChannelFactory$Flags
Event: 3.472 loading class sun/nio/fs/WindowsChannelFactory$Flags done
Event: 3.472 loading class sun/nio/ch/FileChannelImpl$Closer
Event: 3.472 loading class sun/nio/ch/FileChannelImpl$Closer done
Event: 3.472 loading class java/nio/file/spi/FileSystemProvider$1
Event: 3.472 loading class java/nio/file/spi/FileSystemProvider$1 done


Dynamic libraries:
0x00007ff68d810000 - 0x00007ff68d81a000 	C:\Program Files\Android\Android Studio\jbr\bin\java.exe
0x00007ffc1f910000 - 0x00007ffc1fb08000 	C:\WINDOWS\SYSTEM32\ntdll.dll
0x00007ffc1f530000 - 0x00007ffc1f5ed000 	C:\WINDOWS\System32\KERNEL32.DLL
0x00007ffc1d520000 - 0x00007ffc1d816000 	C:\WINDOWS\System32\KERNELBASE.dll
0x00007ffc1d1b0000 - 0x00007ffc1d2b0000 	C:\WINDOWS\System32\ucrtbase.dll
0x00007ffc0f640000 - 0x00007ffc0f657000 	C:\Program Files\Android\Android Studio\jbr\bin\jli.dll
0x00007ffc0d6f0000 - 0x00007ffc0d70b000 	C:\Program Files\Android\Android Studio\jbr\bin\VCRUNTIME140.dll
0x00007ffc1f160000 - 0x00007ffc1f2ff000 	C:\WINDOWS\System32\USER32.dll
0x00007ffc1d340000 - 0x00007ffc1d362000 	C:\WINDOWS\System32\win32u.dll
0x00007ffc1c380000 - 0x00007ffc1c61a000 	C:\WINDOWS\WinSxS\amd64_microsoft.windows.common-controls_6595b64144ccf1df_6.0.19041.4355_none_60b8b9eb71f62e16\COMCTL32.dll
0x00007ffc1db10000 - 0x00007ffc1db3b000 	C:\WINDOWS\System32\GDI32.dll
0x00007ffc1ee20000 - 0x00007ffc1eebe000 	C:\WINDOWS\System32\msvcrt.dll
0x00007ffc1cfc0000 - 0x00007ffc1d0d7000 	C:\WINDOWS\System32\gdi32full.dll
0x00007ffc1d110000 - 0x00007ffc1d1ad000 	C:\WINDOWS\System32\msvcp_win.dll
0x00007ffc1d9c0000 - 0x00007ffc1d9f2000 	C:\WINDOWS\System32\IMM32.DLL
0x00007ffc1a310000 - 0x00007ffc1a31c000 	C:\Program Files\Android\Android Studio\jbr\bin\vcruntime140_1.dll
0x00007ffbcac40000 - 0x00007ffbcaccd000 	C:\Program Files\Android\Android Studio\jbr\bin\msvcp140.dll
0x00007ffbb95b0000 - 0x00007ffbba233000 	C:\Program Files\Android\Android Studio\jbr\bin\server\jvm.dll
0x00007ffc1f480000 - 0x00007ffc1f530000 	C:\WINDOWS\System32\ADVAPI32.dll
0x00007ffc1ec00000 - 0x00007ffc1eca0000 	C:\WINDOWS\System32\sechost.dll
0x00007ffc1eec0000 - 0x00007ffc1efe3000 	C:\WINDOWS\System32\RPCRT4.dll
0x00007ffc1d0e0000 - 0x00007ffc1d107000 	C:\WINDOWS\System32\bcrypt.dll
0x00007ffc1cb30000 - 0x00007ffc1cb7b000 	C:\WINDOWS\SYSTEM32\POWRPROF.dll
0x00007ffc188a0000 - 0x00007ffc188a9000 	C:\WINDOWS\SYSTEM32\WSOCK32.dll
0x00007ffc0eec0000 - 0x00007ffc0eee7000 	C:\WINDOWS\SYSTEM32\WINMM.dll
0x00007ffc1b740000 - 0x00007ffc1b74a000 	C:\WINDOWS\SYSTEM32\VERSION.dll
0x00007ffc1eb90000 - 0x00007ffc1ebfb000 	C:\WINDOWS\System32\WS2_32.dll
0x00007ffc1c620000 - 0x00007ffc1c632000 	C:\WINDOWS\SYSTEM32\UMPDC.dll
0x00007ffc1b700000 - 0x00007ffc1b712000 	C:\WINDOWS\SYSTEM32\kernel.appcore.dll
0x00007ffc18880000 - 0x00007ffc1888a000 	C:\Program Files\Android\Android Studio\jbr\bin\jimage.dll
0x00007ffc1c940000 - 0x00007ffc1cb24000 	C:\WINDOWS\SYSTEM32\DBGHELP.DLL
0x00007ffc1c750000 - 0x00007ffc1c784000 	C:\WINDOWS\SYSTEM32\dbgcore.DLL
0x00007ffc1d2b0000 - 0x00007ffc1d332000 	C:\WINDOWS\System32\bcryptPrimitives.dll
0x00007ffc0f660000 - 0x00007ffc0f66e000 	C:\Program Files\Android\Android Studio\jbr\bin\instrument.dll
0x00007ffc178f0000 - 0x00007ffc17915000 	C:\Program Files\Android\Android Studio\jbr\bin\java.dll
0x00007ffc16cf0000 - 0x00007ffc16d08000 	C:\Program Files\Android\Android Studio\jbr\bin\zip.dll
0x00007ffc1df30000 - 0x00007ffc1e69b000 	C:\WINDOWS\System32\SHELL32.dll
0x00007ffc1a820000 - 0x00007ffc1afbd000 	C:\WINDOWS\SYSTEM32\windows.storage.dll
0x00007ffc1db50000 - 0x00007ffc1dea3000 	C:\WINDOWS\System32\combase.dll
0x00007ffc1c2e0000 - 0x00007ffc1c30e000 	C:\WINDOWS\SYSTEM32\Wldp.dll
0x00007ffc1ed50000 - 0x00007ffc1ee1d000 	C:\WINDOWS\System32\OLEAUT32.dll
0x00007ffc1eca0000 - 0x00007ffc1ed4d000 	C:\WINDOWS\System32\SHCORE.dll
0x00007ffc1f420000 - 0x00007ffc1f475000 	C:\WINDOWS\System32\shlwapi.dll
0x00007ffc1cef0000 - 0x00007ffc1cf14000 	C:\WINDOWS\SYSTEM32\profapi.dll
0x00007ffc16c10000 - 0x00007ffc16c29000 	C:\Program Files\Android\Android Studio\jbr\bin\net.dll
0x00007ffc151b0000 - 0x00007ffc152ba000 	C:\WINDOWS\SYSTEM32\WINHTTP.dll
0x00007ffc1c1b0000 - 0x00007ffc1c21a000 	C:\WINDOWS\system32\mswsock.dll
0x00007ffc149b0000 - 0x00007ffc149c6000 	C:\Program Files\Android\Android Studio\jbr\bin\nio.dll
0x00007ffc18860000 - 0x00007ffc18870000 	C:\Program Files\Android\Android Studio\jbr\bin\verify.dll
0x00007ffc0c680000 - 0x00007ffc0c6a7000 	C:\Users\Utente\.gradle\native\c067742578af261105cb4f569cf0c3c89f3d7b1fecec35dd04571415982c5e48\windows-amd64\native-platform.dll
0x00007ffbbf8b0000 - 0x00007ffbbf9f4000 	C:\Users\Utente\.gradle\native\38dada09dfb8b06ba9b0570ebf7e218e3eb74d4ef43ca46872605cf95ebc2f47\windows-amd64\native-platform-file-events.dll
0x00007ffc16ce0000 - 0x00007ffc16ce9000 	C:\Program Files\Android\Android Studio\jbr\bin\management.dll
0x00007ffc149a0000 - 0x00007ffc149ab000 	C:\Program Files\Android\Android Studio\jbr\bin\management_ext.dll
0x00007ffc1eb10000 - 0x00007ffc1eb18000 	C:\WINDOWS\System32\PSAPI.DLL
0x00007ffc1cd20000 - 0x00007ffc1cd38000 	C:\WINDOWS\SYSTEM32\CRYPTSP.dll
0x00007ffc1b9c0000 - 0x00007ffc1b9f4000 	C:\WINDOWS\system32\rsaenh.dll
0x00007ffc1ce60000 - 0x00007ffc1ce8e000 	C:\WINDOWS\SYSTEM32\USERENV.dll
0x00007ffc1c2a0000 - 0x00007ffc1c2ac000 	C:\WINDOWS\SYSTEM32\CRYPTBASE.dll
0x00007ffc1bd20000 - 0x00007ffc1bd5b000 	C:\WINDOWS\SYSTEM32\IPHLPAPI.DLL
0x00007ffc1eb20000 - 0x00007ffc1eb28000 	C:\WINDOWS\System32\NSI.dll
0x00007ffc16330000 - 0x00007ffc16347000 	C:\WINDOWS\SYSTEM32\dhcpcsvc6.DLL
0x00007ffc16310000 - 0x00007ffc1632d000 	C:\WINDOWS\SYSTEM32\dhcpcsvc.DLL
0x00007ffc1bd70000 - 0x00007ffc1be3b000 	C:\WINDOWS\SYSTEM32\DNSAPI.dll
0x00007ffc178e0000 - 0x00007ffc178e9000 	C:\Program Files\Android\Android Studio\jbr\bin\extnet.dll
0x00007ffc001e0000 - 0x00007ffc001e7000 	C:\WINDOWS\system32\wshunix.dll

dbghelp: loaded successfully - version: 4.0.5 - missing functions: none
symbol engine: initialized successfully - sym options: 0x614 - pdb path: .;C:\Program Files\Android\Android Studio\jbr\bin;C:\WINDOWS\SYSTEM32;C:\WINDOWS\WinSxS\amd64_microsoft.windows.common-controls_6595b64144ccf1df_6.0.19041.4355_none_60b8b9eb71f62e16;C:\Program Files\Android\Android Studio\jbr\bin\server;C:\Users\Utente\.gradle\native\c067742578af261105cb4f569cf0c3c89f3d7b1fecec35dd04571415982c5e48\windows-amd64;C:\Users\Utente\.gradle\native\38dada09dfb8b06ba9b0570ebf7e218e3eb74d4ef43ca46872605cf95ebc2f47\windows-amd64

VM Arguments:
jvm_args: --add-opens=java.base/java.util=ALL-UNNAMED --add-opens=java.base/java.lang=ALL-UNNAMED --add-opens=java.base/java.lang.invoke=ALL-UNNAMED --add-opens=java.prefs/java.util.prefs=ALL-UNNAMED --add-opens=java.base/java.nio.charset=ALL-UNNAMED --add-opens=java.base/java.net=ALL-UNNAMED --add-opens=java.base/java.util.concurrent.atomic=ALL-UNNAMED -Xmx2048m -Dfile.encoding=UTF-8 -Duser.country=IT -Duser.language=it -Duser.variant -javaagent:C:\Users\Utente\.gradle\wrapper\dists\gradle-8.6-bin\afr5mpiioh2wthjmwnkmdsd5w\gradle-8.6\lib\agents\gradle-instrumentation-agent-8.6.jar 
java_command: org.gradle.launcher.daemon.bootstrap.GradleDaemon 8.6
java_class_path (initial): C:\Users\Utente\.gradle\wrapper\dists\gradle-8.6-bin\afr5mpiioh2wthjmwnkmdsd5w\gradle-8.6\lib\gradle-launcher-8.6.jar
Launcher Type: SUN_STANDARD

[Global flags]
     intx CICompilerCount                          = 12                                        {product} {ergonomic}
     uint ConcGCThreads                            = 3                                         {product} {ergonomic}
     uint G1ConcRefinementThreads                  = 13                                        {product} {ergonomic}
   size_t G1HeapRegionSize                         = 1048576                                   {product} {ergonomic}
    uintx GCDrainStackTargetSize                   = 64                                        {product} {ergonomic}
   size_t InitialHeapSize                          = 268435456                                 {product} {ergonomic}
   size_t MarkStackSize                            = 4194304                                   {product} {ergonomic}
   size_t MaxHeapSize                              = 2147483648                                {product} {command line}
   size_t MaxNewSize                               = 1287651328                                {product} {ergonomic}
   size_t MinHeapDeltaBytes                        = 1048576                                   {product} {ergonomic}
   size_t MinHeapSize                              = 8388608                                   {product} {ergonomic}
    uintx NonNMethodCodeHeapSize                   = 7602480                                {pd product} {ergonomic}
    uintx NonProfiledCodeHeapSize                  = 122027880                              {pd product} {ergonomic}
    uintx ProfiledCodeHeapSize                     = 122027880                              {pd product} {ergonomic}
    uintx ReservedCodeCacheSize                    = 251658240                              {pd product} {ergonomic}
     bool SegmentedCodeCache                       = true                                      {product} {ergonomic}
   size_t SoftMaxHeapSize                          = 2147483648                             {manageable} {ergonomic}
     bool UseCompressedClassPointers               = true                           {product lp64_product} {ergonomic}
     bool UseCompressedOops                        = true                           {product lp64_product} {ergonomic}
     bool UseG1GC                                  = true                                      {product} {ergonomic}
     bool UseLargePagesIndividualAllocation        = false                                  {pd product} {ergonomic}

Logging:
Log output configuration:
 #0: stdout all=warning uptime,level,tags
 #1: stderr all=off uptime,level,tags

Environment Variables:
JAVA_HOME=C:\Program Files\AdoptOpenJDK\jre-8.0.275.1-hotspot\
PATH=C:\Program Files\Google\Chrome\Application;C:\Program Files\Common Files\Oracle\Java\javapath;C:\Program Files\AdoptOpenJDK\jre-8.0.275.1-hotspot\bin;C:\Program Files\AdoptOpenJDK\jre-11.0.9.11-hotspot\bin;C:\Program Files (x86)\AdoptOpenJDK\jre-8.0.275.01-hotspot\bin;C:\Windows\system32;C:\Windows;C:\Windows\System32\Wbem;C:\Windows\System32\WindowsPowerShell\v1.0\;C:\Windows\System32\OpenSSH\;C:\Program Files (x86)\NVIDIA Corporation\PhysX\Common;C:\Program Files\NVIDIA Corporation\NVIDIA NvDLISR;C:\Program Files (x86)\dotnet\;C:\WINDOWS\system32;C:\WINDOWS;C:\WINDOWS\System32\Wbem;C:\WINDOWS\System32\WindowsPowerShell\v1.0\;C:\WINDOWS\System32\OpenSSH\;C:\Program Files\Git\cmd;C:\Users\Utente\AppData\Local\Microsoft\WindowsApps;C:\Users\Utente\AppData\Local\GitHubDesktop\bin;C:\Users\Utente\AppData\Local\Microsoft\WindowsApps;C:\Users\Utente\AppData\Local\Programs\Microsoft VS Code\bin;C:\Users\Utente\Desktop\MSYS\ucrt64\bin;
USERNAME=Utente
OS=Windows_NT
PROCESSOR_IDENTIFIER=Intel64 Family 6 Model 165 Stepping 5, GenuineIntel
TMP=C:\Users\Utente\AppData\Local\Temp
TEMP=C:\Users\Utente\AppData\Local\Temp



Periodic native trim disabled

JNI global refs:
JNI global refs: 34, weak refs: 2

JNI global refs memory usage: 843, weak refs: 841

OOME stack traces (most recent first):
Classloader memory used:
Loader org.gradle.internal.classloader.VisitableURLClassLoader                         : 2507K
Loader bootstrap                                                                       : 2302K
Loader org.gradle.initialization.MixInLegacyTypesClassLoader                           : 474K
Loader jdk.internal.loader.ClassLoaders$PlatformClassLoader                            : 65638B
Loader org.gradle.internal.classloader.VisitableURLClassLoader                         : 55578B
Loader jdk.internal.loader.ClassLoaders$AppClassLoader                                 : 28733B
Loader jdk.internal.reflect.DelegatingClassLoader                                      : 22349B
Loader org.gradle.groovy.scripts.internal.DefaultScriptCompilationHandler$ScriptClassLoader: 771B

Classes loaded by more than one classloader:
Class org.gradle.api.GradleException                                                  : loaded 3 times (x 80B)
Class org.gradle.util.GradleVersion                                                   : loaded 2 times (x 81B)
Class org.gradle.internal.classpath.ClassPath                                         : loaded 2 times (x 68B)
Class org.gradle.api.internal.classpath.DefaultModuleRegistry                         : loaded 2 times (x 84B)
Class org.gradle.internal.exceptions.NonGradleCauseExceptionsHolder                   : loaded 2 times (x 68B)
Class org.gradle.api.Action                                                           : loaded 2 times (x 68B)
Class org.gradle.api.internal.DefaultClassPathProvider                                : loaded 2 times (x 74B)
Class org.gradle.internal.installation.GradleInstallation$1                           : loaded 2 times (x 73B)
Class org.gradle.internal.exceptions.DefaultMultiCauseException                       : loaded 2 times (x 89B)
Class org.gradle.internal.time.MonotonicClock                                         : loaded 2 times (x 75B)
Class org.gradle.internal.classloader.FilteringClassLoader                            : loaded 2 times (x 103B)
Class org.gradle.internal.classpath.DefaultClassPath$ImmutableUniqueList$Builder      : loaded 2 times (x 73B)
Class org.gradle.internal.classloader.ClassLoaderVisitor                              : loaded 2 times (x 74B)
Class org.gradle.internal.time.DefaultCountdownTimer                                  : loaded 2 times (x 86B)
Class org.gradle.internal.service.DefaultServiceLocator                               : loaded 2 times (x 81B)
Class org.gradle.internal.service.UnknownServiceException                             : loaded 2 times (x 81B)
Class org.gradle.internal.classloader.DefaultClassLoaderFactory                       : loaded 2 times (x 80B)
Class org.gradle.internal.classloader.VisitableURLClassLoader$Spec                    : loaded 2 times (x 72B)
Class org.gradle.tooling.model.ProjectModel                                           : loaded 2 times (x 68B)
Class org.gradle.internal.installation.GradleInstallation                             : loaded 2 times (x 73B)
Class org.gradle.api.internal.classpath.ModuleRegistry                                : loaded 2 times (x 68B)
Class org.gradle.api.internal.ClassPathProvider                                       : loaded 2 times (x 68B)
Class org.gradle.internal.classloader.ClasspathUtil$1                                 : loaded 2 times (x 74B)
Class org.gradle.internal.classloader.ClassLoaderFactory                              : loaded 2 times (x 68B)
Class org.gradle.api.internal.classpath.ManifestUtil                                  : loaded 2 times (x 69B)
Class org.gradle.api.specs.Spec                                                       : loaded 2 times (x 68B)
Class org.gradle.internal.IoActions                                                   : loaded 2 times (x 69B)
Class org.gradle.api.internal.classpath.EffectiveClassPath                            : loaded 2 times (x 88B)
Class org.gradle.internal.installation.CurrentGradleInstallation                      : loaded 2 times (x 71B)
Class org.gradle.internal.agents.InstrumentingClassLoader                             : loaded 2 times (x 68B)
Class org.gradle.internal.installation.CurrentGradleInstallationLocator               : loaded 2 times (x 69B)
Class org.gradle.api.internal.classpath.Module                                        : loaded 2 times (x 68B)
Class org.gradle.internal.service.CachingServiceLocator                               : loaded 2 times (x 80B)
Class org.gradle.internal.time.Timer                                                  : loaded 2 times (x 68B)
Class org.gradle.internal.classpath.DefaultClassPath                                  : loaded 2 times (x 88B)
Class org.gradle.internal.time.Time                                                   : loaded 2 times (x 69B)
Class org.gradle.internal.time.TimeSource$1                                           : loaded 2 times (x 75B)
Class org.gradle.internal.classloader.SystemClassLoaderSpec                           : loaded 2 times (x 69B)
Class kotlin.Function                                                                 : loaded 2 times (x 68B)
Class org.gradle.api.UncheckedIOException                                             : loaded 2 times (x 80B)
Class org.gradle.internal.time.CountdownTimer                                         : loaded 2 times (x 68B)
Class org.gradle.internal.time.Clock                                                  : loaded 2 times (x 68B)
Class org.gradle.internal.classloader.ClasspathUtil                                   : loaded 2 times (x 69B)
Class org.gradle.api.internal.DefaultClassPathRegistry                                : loaded 2 times (x 74B)
Class org.gradle.api.internal.classpath.DefaultModuleRegistry$DefaultModule           : loaded 2 times (x 84B)
Class org.gradle.internal.time.TimeSource                                             : loaded 2 times (x 68B)
Class org.gradle.api.internal.classpath.UnknownModuleException                        : loaded 2 times (x 80B)
Class org.gradle.internal.service.ServiceLookupException                              : loaded 2 times (x 80B)
Class org.gradle.cache.GlobalCache                                                    : loaded 2 times (x 68B)
Class [Lorg.gradle.api.internal.ClassPathProvider;                                    : loaded 2 times (x 67B)
Class org.gradle.internal.operations.MultipleBuildOperationFailures                   : loaded 2 times (x 89B)
Class org.gradle.util.internal.GUtil                                                  : loaded 2 times (x 69B)
Class org.gradle.internal.classloader.ClassLoaderSpec                                 : loaded 2 times (x 69B)
Class org.gradle.internal.classloader.VisitableURLClassLoader                         : loaded 2 times (x 115B)
Class org.gradle.internal.Cast                                                        : loaded 2 times (x 69B)
Class org.gradle.api.internal.ClassPathRegistry                                       : loaded 2 times (x 68B)
Class org.gradle.internal.classloader.VisitableURLClassLoader$InstrumentingVisitableURLClassLoader: loaded 2 times (x 121B)
Class org.gradle.internal.classloader.ClassLoaderHierarchy                            : loaded 2 times (x 68B)
Class org.gradle.internal.exceptions.MultiCauseException                              : loaded 2 times (x 68B)
Class org.gradle.internal.InternalTransformer                                         : loaded 2 times (x 68B)
Class org.gradle.internal.service.ServiceLocator                                      : loaded 2 times (x 68B)
Class org.gradle.internal.classpath.DefaultClassPath$ImmutableUniqueList              : loaded 2 times (x 159B)
Class org.gradle.internal.time.DefaultTimer                                           : loaded 2 times (x 78B)
Class org.gradle.internal.classpath.TransformedClassPath                              : loaded 2 times (x 94B)


---------------  S Y S T E M  ---------------

OS:
 Windows 10 , 64 bit Build 19041 (10.0.19041.3636)
OS uptime: 5 days 11:58 hours

CPU: total 16 (initial active 16) (8 cores per cpu, 2 threads per core) family 6 model 165 stepping 5 microcode 0xc8, cx8, cmov, fxsr, ht, mmx, 3dnowpref, sse, sse2, sse3, ssse3, sse4.1, sse4.2, popcnt, lzcnt, tsc, tscinvbit, avx, avx2, aes, erms, clmul, bmi1, bmi2, adx, fma, vzeroupper, clflush, clflushopt
Processor Information for all 16 processors :
  Max Mhz: 2904, Current Mhz: 2904, Mhz Limit: 2904

Memory: 4k page, system-wide physical 16298M (6580M free)
TotalPageFile size 23210M (AvailPageFile size 10898M)
current process WorkingSet (physical memory assigned to process): 244M, peak: 244M
current process commit charge ("private bytes"): 290M, peak: 412M

vm_info: OpenJDK 64-Bit Server VM (17.0.10+0--11572160) for windows-amd64 JRE (17.0.10+0--11572160), built on Mar 13 2024 23:56:38 by "androidbuild" with MS VC++ 16.10 / 16.11 (VS2019)

END.
